<?xml version="1.0" encoding="UTF-8"?>
<!-- Generated by org.testng.reporters.JUnitReportReporter -->
<testsuite hostname="DESKTOP-GVOQ5FV" failures="0" tests="7" name="countries.country3" time="0.025" errors="0" timestamp="2024-06-11T17:12:16 IST" skipped="0">
  <testcase classname="countries.country3" name="ban" time="0.005"/>
  <testcase classname="countries.country3" name="ind" time="0.002"/>
  <testcase classname="countries.country3" name="wi" time="0.005"/>
  <testcase classname="countries.country3" name="nz" time="0.002"/>
  <testcase classname="countries.country3" name="aus" time="0.003"/>
  <testcase classname="countries.country3" name="sl" time="0.002"/>
  <testcase classname="countries.country3" name="pak" time="0.006"/>
</testsuite> <!-- countries.country3 -->
