<?xml version="1.0" encoding="UTF-8"?>
<!-- Generated by org.testng.reporters.JUnitReportReporter -->
<testsuite hostname="DESKTOP-GVOQ5FV" failures="0" tests="1" name="countries.countri" time="0.017" errors="0" timestamp="2024-06-11T17:08:50 IST" skipped="0">
  <testcase classname="countries.countri" name="f" time="0.017"/>
</testsuite> <!-- countries.countri -->
