<?xml version="1.0" encoding="UTF-8"?>
<!-- Generated by org.testng.reporters.JUnitReportReporter -->
<testsuite hostname="DESKTOP-GVOQ5FV" failures="0" tests="7" name="countries.country" time="0.070" errors="0" timestamp="2024-06-11T17:12:16 IST" skipped="0">
  <testcase classname="countries.country" name="ban" time="0.002"/>
  <testcase classname="countries.country" name="ind" time="0.007"/>
  <testcase classname="countries.country" name="pak" time="0.006"/>
  <testcase classname="countries.country" name="aus" time="0.029"/>
  <testcase classname="countries.country" name="wi" time="0.006"/>
  <testcase classname="countries.country" name="nz" time="0.005"/>
  <testcase classname="countries.country" name="sl" time="0.015"/>
</testsuite> <!-- countries.country -->
